mongoDB:host=localhost、PORT：27017
server:PORT=3888
[0mGET / [32m200 [0m1911.919 ms - 9357[0m
[0mGET /stylesheets/globe.css [32m200 [0m26.985 ms - 1024[0m
[0mGET /stylesheets/bootstrap.css [32m200 [0m24.085 ms - 3468[0m
[0mGET /stylesheets/style.css [32m200 [0m3.208 ms - 5889[0m
[0mGET /javascripts/jquery-1.js [32m200 [0m15.446 ms - 95786[0m
[0mGET /javascripts/lrscroll.js [32m200 [0m34.665 ms - 5685[0m
[0mGET /javascripts/script.js [32m200 [0m41.019 ms - 1028[0m
[0mGET /images/icon/iconfont-home.png [32m200 [0m18.652 ms - 591[0m
[0mGET /images/icon/iconfont-file2.png [32m200 [0m24.989 ms - 380[0m
[0mGET /images/icon/logo.png [32m200 [0m22.620 ms - 13902[0m
[0mGET /images/icon/iconfont-friends.png [32m200 [0m8.707 ms - 858[0m
[0mGET /images/icon/iconfont-answer.png [32m200 [0m17.366 ms - 899[0m
[0mGET /images/icon/iconfont-app.png [32m200 [0m24.524 ms - 656[0m
[0mGET /images/icon/bg10.jpg [32m200 [0m2.852 ms - 14791[0m
[0mGET /images/icon/bg01.gif [32m200 [0m15.536 ms - 12389[0m
[0mGET /images/icon/fk040.png [32m200 [0m1.685 ms - 4696[0m
[0mGET /images/icon/fk042.png [32m200 [0m3.293 ms - 1770[0m
[0mGET /images/icon/productTop.png [32m200 [0m8.607 ms - 4842[0m
[0mGET /images/icon/fk038.png [32m200 [0m2.097 ms - 4658[0m
[0mGET /images/icon/fk045.png [32m200 [0m2.974 ms - 2028[0m
[0mGET /images/icon/fk044.png [32m200 [0m1.555 ms - 1986[0m
[0mGET /images/icon/fk043.png [32m200 [0m1.656 ms - 2148[0m
[0mGET /images/icon/fk046.png [32m200 [0m1.972 ms - 2333[0m
[0mGET /images/Sprites.png [32m200 [0m3.892 ms - 19932[0m
[0mGET /favicon.ico [33m404 [0m100.638 ms - 1431[0m
[0mGET / [32m200 [0m262.563 ms - 9357[0m
[0mGET / [32m200 [0m100.793 ms - 9357[0m
[0mGET /robots.txt [33m404 [0m53.508 ms - 1431[0m
[0mGET / [32m200 [0m91.418 ms - 9357[0m
[0mGET /robots.txt [33m404 [0m41.338 ms - 1431[0m
[0mGET /template/users/63/1359363/img/goods.swf [33m404 [0m37.990 ms - 1431[0m
[0mGET / [32m200 [0m78.049 ms - 9357[0m
[0mGET /robots.txt [33m404 [0m17.945 ms - 1431[0m
[0mGET /images/icon/iconfont-file2.png [32m200 [0m11.767 ms - 380[0m
[0mGET /robots.txt [33m404 [0m38.354 ms - 1431[0m
[0mGET /agent/486023.html [33m404 [0m16.207 ms - 1431[0m
[0mGET / [32m200 [0m117.803 ms - 9357[0m
[0mGET /news [32m200 [0m105.409 ms - 2708[0m
[0mGET /robots.txt [33m404 [0m28.316 ms - 1431[0m
[0mGET /robots.txt [33m404 [0m19.540 ms - 1431[0m
[0mGET /goods/2025298.html [33m404 [0m25.120 ms - 1431[0m
[0mGET /goods/2025312.html [33m404 [0m24.546 ms - 1431[0m
[0mGET /goods/2025521.html [33m404 [0m32.552 ms - 1431[0m
[0mGET /goods/2025443.html [33m404 [0m22.983 ms - 1431[0m
[0mGET /goods/2025516.html [33m404 [0m27.192 ms - 1431[0m
[0mGET /goods/2025447.html [33m404 [0m23.281 ms - 1431[0m
[0mGET /goods/2678457.html [33m404 [0m25.681 ms - 1431[0m
[0mGET /product8 [32m200 [0m146.478 ms - 6833[0m
[0mGET /goods/cid-395380.html [33m404 [0m29.059 ms - 1431[0m
[0mGET / [32m200 [0m125.829 ms - 9357[0m
[0mGET /robots.txt [33m404 [0m25.021 ms - 1431[0m
[0mGET / [32m200 [0m98.400 ms - 9357[0m
[0mGET / [32m200 [0m76.628 ms - 9357[0m
[0mGET / [32m200 [0m77.322 ms - 9357[0m
[0mGET / [32m200 [0m99.831 ms - 9357[0m
[0mGET / [32m200 [0m159.417 ms - 9357[0m
[0mGET /robots.txt [33m404 [0m17.053 ms - 1431[0m
[0mGET / [32m200 [0m93.461 ms - 9357[0m
[0mGET / [32m200 [0m137.143 ms - 9357[0m
[0mGET /stylesheets/globe.css [32m200 [0m18.298 ms - 1024[0m
[0mGET /stylesheets/style.css [32m200 [0m13.017 ms - 5889[0m
[0mGET /javascripts/jquery-1.js [32m200 [0m4.536 ms - 95786[0m
[0mGET /stylesheets/bootstrap.css [32m200 [0m28.949 ms - 3468[0m
[0mGET /javascripts/lrscroll.js [32m200 [0m15.842 ms - 5685[0m
[0mGET /javascripts/script.js [32m200 [0m21.327 ms - 1028[0m
[0mGET /images/icon/logo.png [32m200 [0m18.107 ms - 13902[0m
[0mGET /images/icon/iconfont-answer.png [32m200 [0m9.027 ms - 899[0m
[0mGET /images/icon/iconfont-friends.png [32m200 [0m12.331 ms - 858[0m
[0mGET /images/icon/iconfont-file2.png [32m200 [0m24.557 ms - 380[0m
[0mGET /images/icon/fk042.png [32m200 [0m24.922 ms - 1770[0m
[0mGET /images/icon/iconfont-app.png [32m200 [0m23.273 ms - 656[0m
[0mGET /images/icon/fk040.png [32m200 [0m23.060 ms - 4696[0m
[0mGET /images/icon/iconfont-home.png [32m200 [0m27.613 ms - 591[0m
[0mGET /images/icon/bg10.jpg [32m200 [0m3.586 ms - 14791[0m
[0mGET /images/icon/fk038.png [32m200 [0m3.713 ms - 4658[0m
[0mGET /images/icon/bg01.gif [32m200 [0m18.569 ms - 12389[0m
[0mGET /images/icon/productTop.png [32m200 [0m31.203 ms - 4842[0m
[0mGET /images/icon/fk043.png [32m200 [0m2.129 ms - 2148[0m
[0mGET /images/icon/fk044.png [32m200 [0m5.106 ms - 1986[0m
[0mGET /images/icon/fk045.png [32m200 [0m6.533 ms - 2028[0m
[0mGET /images/icon/fk046.png [32m200 [0m3.702 ms - 2333[0m
[0mGET /images/Sprites.png [32m200 [0m3.099 ms - 19932[0m
[0mGET /favicon.ico [33m404 [0m24.311 ms - 1431[0m
[0mGET /product1 [32m200 [0m137.497 ms - 12550[0m
[0mGET /stylesheets/globe.css [36m304 [0m6.162 ms - -[0m
[0mGET /stylesheets/bootstrap.css [32m200 [0m2.027 ms - 3468[0m
[0mGET /stylesheets/style.css [32m200 [0m1.785 ms - 5889[0m
[0mGET /javascripts/jquery-1.js [32m200 [0m4.044 ms - 95786[0m
[0mGET /javascripts/lrscroll.js [32m200 [0m4.137 ms - 5685[0m
[0mGET /javascripts/script.js [32m200 [0m3.471 ms - 1028[0m
[0mGET /images/icon/logo.png [32m200 [0m3.859 ms - 13902[0m
[0mGET /images/icon/iconfont-answer.png [36m304 [0m1.941 ms - -[0m
[0mGET /images/icon/iconfont-friends.png [36m304 [0m1.431 ms - -[0m
[0mGET /images/icon/iconfont-file2.png [36m304 [0m1.866 ms - -[0m
[0mGET /images/icon/iconfont-app.png [36m304 [0m1.251 ms - -[0m
[0mGET /images/icon/iconfont-home.png [36m304 [0m1.155 ms - -[0m
[0mGET /images/icon/productTop.png [36m304 [0m3.111 ms - -[0m
[0mGET /images/icon/bg01.gif [36m304 [0m1.268 ms - -[0m
[0mGET /images/icon/fk038.png [36m304 [0m4.042 ms - -[0m
[0mGET /images/icon/fk040.png [36m304 [0m1.063 ms - -[0m
[0mGET /images/icon/fk042.png [36m304 [0m1.019 ms - -[0m
[0mGET /images/icon/fk043.png [36m304 [0m1.057 ms - -[0m
[0mGET /images/icon/fk044.png [36m304 [0m0.921 ms - -[0m
[0mGET /images/icon/fk045.png [36m304 [0m2.794 ms - -[0m
[0mGET /images/icon/fk046.png [36m304 [0m1.941 ms - -[0m
[0mGET /favicon.ico [33m404 [0m19.727 ms - 1431[0m
[0mGET /product2 [32m200 [0m100.935 ms - 12563[0m
[0mGET /stylesheets/bootstrap.css [36m304 [0m4.629 ms - -[0m
[0mGET /stylesheets/globe.css [36m304 [0m3.325 ms - -[0m
[0mGET /javascripts/script.js [36m304 [0m3.793 ms - -[0m
[0mGET /stylesheets/style.css [36m304 [0m4.037 ms - -[0m
[0mGET /javascripts/jquery-1.js [36m304 [0m4.309 ms - -[0m
[0mGET /javascripts/lrscroll.js [36m304 [0m0.936 ms - -[0m
[0mGET /images/icon/logo.png [36m304 [0m0.704 ms - -[0m
[0mGET /images/icon/iconfont-answer.png [36m304 [0m1.521 ms - -[0m
[0mGET /images/icon/iconfont-friends.png [36m304 [0m2.501 ms - -[0m
[0mGET /images/icon/iconfont-file2.png [36m304 [0m2.874 ms - -[0m
[0mGET /images/icon/iconfont-app.png [36m304 [0m2.098 ms - -[0m
[0mGET /images/icon/iconfont-home.png [36m304 [0m2.153 ms - -[0m
[0mGET /images/icon/productTop.png [36m304 [0m0.810 ms - -[0m
[0mGET /images/icon/fk038.png [36m304 [0m2.097 ms - -[0m
[0mGET /images/icon/fk040.png [36m304 [0m2.299 ms - -[0m
[0mGET /images/icon/fk042.png [36m304 [0m1.507 ms - -[0m
[0mGET /images/icon/fk043.png [36m304 [0m1.388 ms - -[0m
[0mGET /images/icon/fk044.png [36m304 [0m2.093 ms - -[0m
[0mGET /images/icon/fk045.png [36m304 [0m1.538 ms - -[0m
[0mGET /images/icon/fk046.png [36m304 [0m5.064 ms - -[0m
[0mGET /favicon.ico [33m404 [0m13.301 ms - 1431[0m
[0mGET /product3 [32m200 [0m133.493 ms - 12563[0m
[0mGET /stylesheets/globe.css [36m304 [0m1.775 ms - -[0m
[0mGET /stylesheets/bootstrap.css [36m304 [0m2.034 ms - -[0m
[0mGET /stylesheets/style.css [36m304 [0m21.268 ms - -[0m
[0mGET /javascripts/jquery-1.js [36m304 [0m19.794 ms - -[0m
[0mGET /javascripts/lrscroll.js [36m304 [0m4.294 ms - -[0m
[0mGET /javascripts/script.js [36m304 [0m4.434 ms - -[0m
[0mGET /images/icon/logo.png [36m304 [0m4.699 ms - -[0m
[0mGET /images/icon/iconfont-answer.png [36m304 [0m2.303 ms - -[0m
[0mGET /images/icon/iconfont-friends.png [36m304 [0m2.234 ms - -[0m
[0mGET /images/icon/iconfont-file2.png [36m304 [0m5.526 ms - -[0m
[0mGET /images/icon/iconfont-app.png [36m304 [0m2.578 ms - -[0m
[0mGET /images/icon/iconfont-home.png [36m304 [0m2.815 ms - -[0m
[0mGET /images/icon/productTop.png [36m304 [0m3.044 ms - -[0m
[0mGET /images/icon/fk038.png [36m304 [0m5.522 ms - -[0m
[0mGET /images/icon/fk040.png [36m304 [0m2.402 ms - -[0m
[0mGET /images/icon/fk042.png [36m304 [0m1.289 ms - -[0m
[0mGET /images/icon/fk043.png [36m304 [0m2.392 ms - -[0m
[0mGET /images/icon/fk044.png [36m304 [0m1.392 ms - -[0m
[0mGET /images/icon/fk045.png [36m304 [0m1.051 ms - -[0m
[0mGET /images/icon/fk046.png [36m304 [0m1.063 ms - -[0m
[0mGET /favicon.ico [33m404 [0m14.308 ms - 1431[0m
[0mGET /product4 [32m200 [0m90.653 ms - 12563[0m
[0mGET /stylesheets/globe.css [36m304 [0m1.613 ms - -[0m
[0mGET /stylesheets/bootstrap.css [36m304 [0m1.507 ms - -[0m
[0mGET /javascripts/jquery-1.js [36m304 [0m1.897 ms - -[0m
[0mGET /stylesheets/style.css [36m304 [0m1.063 ms - -[0m
[0mGET /javascripts/lrscroll.js [36m304 [0m1.219 ms - -[0m
[0mGET /javascripts/script.js [36m304 [0m1.713 ms - -[0m
[0mGET /images/icon/logo.png [36m304 [0m1.063 ms - -[0m
[0mGET /images/icon/iconfont-home.png [36m304 [0m3.528 ms - -[0m
[0mGET /images/icon/iconfont-app.png [36m304 [0m3.999 ms - -[0m
[0mGET /images/icon/productTop.png [36m304 [0m5.610 ms - -[0m
[0mGET /images/icon/iconfont-answer.png [36m304 [0m6.334 ms - -[0m
[0mGET /images/icon/iconfont-friends.png [36m304 [0m6.443 ms - -[0m
[0mGET /images/icon/iconfont-file2.png [36m304 [0m0.828 ms - -[0m
[0mGET /images/icon/fk038.png [36m304 [0m1.371 ms - -[0m
[0mGET /images/icon/fk040.png [36m304 [0m0.917 ms - -[0m
[0mGET /images/icon/fk042.png [36m304 [0m1.285 ms - -[0m
[0mGET /images/icon/fk043.png [36m304 [0m1.338 ms - -[0m
[0mGET /images/icon/fk044.png [36m304 [0m1.225 ms - -[0m
[0mGET /images/icon/fk045.png [36m304 [0m1.208 ms - -[0m
[0mGET /images/icon/fk046.png [36m304 [0m1.234 ms - -[0m
[0mGET /favicon.ico [33m404 [0m29.057 ms - 1431[0m
[0mGET /product5 [32m200 [0m84.184 ms - 12563[0m
[0mGET /stylesheets/globe.css [36m304 [0m1.173 ms - -[0m
[0mGET /stylesheets/bootstrap.css [36m304 [0m0.991 ms - -[0m
[0mGET /stylesheets/style.css [36m304 [0m1.239 ms - -[0m
[0mGET /javascripts/script.js [36m304 [0m4.924 ms - -[0m
[0mGET /javascripts/jquery-1.js [36m304 [0m0.733 ms - -[0m
[0mGET /javascripts/lrscroll.js [36m304 [0m1.009 ms - -[0m
[0mGET /images/icon/logo.png [36m304 [0m1.305 ms - -[0m
[0mGET /images/icon/iconfont-answer.png [36m304 [0m1.523 ms - -[0m
[0mGET /images/icon/iconfont-friends.png [36m304 [0m1.441 ms - -[0m
[0mGET /images/icon/iconfont-file2.png [36m304 [0m0.869 ms - -[0m
[0mGET /images/icon/iconfont-home.png [36m304 [0m1.363 ms - -[0m
[0mGET /images/icon/productTop.png [36m304 [0m1.555 ms - -[0m
[0mGET /images/icon/iconfont-app.png [36m304 [0m1.091 ms - -[0m
[0mGET /images/icon/fk038.png [36m304 [0m1.211 ms - -[0m
[0mGET /images/icon/fk040.png [36m304 [0m0.643 ms - -[0m
[0mGET /images/icon/fk042.png [36m304 [0m1.157 ms - -[0m
[0mGET /images/icon/fk043.png [36m304 [0m1.108 ms - -[0m
[0mGET /images/icon/fk044.png [36m304 [0m1.401 ms - -[0m
[0mGET /images/icon/fk045.png [36m304 [0m0.780 ms - -[0m
[0mGET /images/icon/fk046.png [36m304 [0m1.616 ms - -[0m
[0mGET /favicon.ico [33m404 [0m14.207 ms - 1431[0m
[0mGET /product6 [32m200 [0m89.943 ms - 12563[0m
[0mGET /stylesheets/globe.css [36m304 [0m4.984 ms - -[0m
[0mGET /stylesheets/bootstrap.css [36m304 [0m0.998 ms - -[0m
[0mGET /stylesheets/style.css [36m304 [0m1.249 ms - -[0m
[0mGET /javascripts/jquery-1.js [36m304 [0m1.042 ms - -[0m
[0mGET /javascripts/lrscroll.js [36m304 [0m1.274 ms - -[0m
[0mGET /javascripts/script.js [36m304 [0m0.915 ms - -[0m
[0mGET /images/icon/logo.png [36m304 [0m1.040 ms - -[0m
[0mGET /images/icon/iconfont-answer.png [36m304 [0m1.357 ms - -[0m
[0mGET /images/icon/iconfont-friends.png [36m304 [0m1.206 ms - -[0m
[0mGET /images/icon/iconfont-app.png [36m304 [0m1.227 ms - -[0m
[0mGET /images/icon/iconfont-home.png [36m304 [0m0.920 ms - -[0m
[0mGET /images/icon/iconfont-file2.png [36m304 [0m1.369 ms - -[0m
[0mGET /images/icon/productTop.png [36m304 [0m1.013 ms - -[0m
[0mGET /images/icon/fk038.png [36m304 [0m1.282 ms - -[0m
[0mGET /images/icon/fk040.png [36m304 [0m1.212 ms - -[0m
[0mGET /images/icon/fk042.png [36m304 [0m1.302 ms - -[0m
[0mGET /images/icon/fk043.png [36m304 [0m1.064 ms - -[0m
[0mGET /images/icon/fk044.png [36m304 [0m0.994 ms - -[0m
[0mGET /images/icon/fk045.png [36m304 [0m1.372 ms - -[0m
[0mGET /images/icon/fk046.png [36m304 [0m0.988 ms - -[0m
[0mGET /favicon.ico [33m404 [0m17.085 ms - 1431[0m
[0mGET /product7 [32m200 [0m118.665 ms - 12562[0m
[0mGET /stylesheets/globe.css [36m304 [0m1.231 ms - -[0m
[0mGET /stylesheets/bootstrap.css [36m304 [0m0.720 ms - -[0m
[0mGET /stylesheets/style.css [36m304 [0m0.869 ms - -[0m
[0mGET /javascripts/jquery-1.js [36m304 [0m0.691 ms - -[0m
[0mGET /javascripts/script.js [36m304 [0m1.771 ms - -[0m
[0mGET /javascripts/lrscroll.js [36m304 [0m0.667 ms - -[0m
[0mGET /images/icon/logo.png [36m304 [0m0.774 ms - -[0m
[0mGET /images/icon/iconfont-answer.png [36m304 [0m1.505 ms - -[0m
[0mGET /images/icon/iconfont-friends.png [36m304 [0m1.169 ms - -[0m
[0mGET /images/icon/iconfont-file2.png [36m304 [0m0.981 ms - -[0m
[0mGET /images/icon/iconfont-app.png [36m304 [0m3.385 ms - -[0m
[0mGET /images/icon/iconfont-home.png [36m304 [0m1.644 ms - -[0m
[0mGET /images/icon/productTop.png [36m304 [0m1.787 ms - -[0m
[0mGET /images/icon/fk040.png [36m304 [0m1.925 ms - -[0m
[0mGET /images/icon/fk038.png [36m304 [0m1.877 ms - -[0m
[0mGET /images/icon/fk042.png [36m304 [0m2.520 ms - -[0m
[0mGET /images/icon/fk043.png [36m304 [0m2.796 ms - -[0m
[0mGET /images/icon/fk044.png [36m304 [0m1.390 ms - -[0m
[0mGET /images/icon/fk045.png [36m304 [0m1.468 ms - -[0m
[0mGET /images/icon/fk046.png [36m304 [0m1.332 ms - -[0m
[0mGET /favicon.ico [33m404 [0m24.023 ms - 1431[0m
[0mGET /product8 [32m200 [0m98.261 ms - 6833[0m
[0mGET /stylesheets/globe.css [36m304 [0m1.477 ms - -[0m
[0mGET /stylesheets/bootstrap.css [36m304 [0m1.019 ms - -[0m
[0mGET /stylesheets/style.css [36m304 [0m1.253 ms - -[0m
[0mGET /javascripts/jquery-1.js [36m304 [0m0.951 ms - -[0m
[0mGET /javascripts/lrscroll.js [36m304 [0m1.297 ms - -[0m
[0mGET /javascripts/script.js [36m304 [0m0.971 ms - -[0m
[0mGET /images/icon/logo.png [36m304 [0m1.126 ms - -[0m
[0mGET /images/icon/iconfont-answer.png [36m304 [0m1.329 ms - -[0m
[0mGET /images/icon/iconfont-friends.png [36m304 [0m1.297 ms - -[0m
[0mGET /images/icon/iconfont-file2.png [36m304 [0m0.990 ms - -[0m
[0mGET /images/icon/iconfont-app.png [36m304 [0m1.222 ms - -[0m
[0mGET /images/icon/iconfont-home.png [36m304 [0m1.499 ms - -[0m
[0mGET /images/icon/productTop.png [36m304 [0m1.007 ms - -[0m
[0mGET /images/icon/fk040.png [36m304 [0m1.260 ms - -[0m
[0mGET /images/icon/fk045.png [36m304 [0m1.299 ms - -[0m
[0mGET /images/icon/fk038.png [36m304 [0m0.951 ms - -[0m
[0mGET /images/icon/fk043.png [36m304 [0m1.228 ms - -[0m
[0mGET /images/icon/fk042.png [36m304 [0m1.308 ms - -[0m
[0mGET /images/icon/fk044.png [36m304 [0m1.049 ms - -[0m
[0mGET /images/icon/fk046.png [36m304 [0m0.987 ms - -[0m
[0mGET /favicon.ico [33m404 [0m21.616 ms - 1431[0m
[0mGET /product8 [32m200 [0m76.967 ms - 6833[0m
[0mGET /stylesheets/globe.css [36m304 [0m1.463 ms - -[0m
[0mGET /stylesheets/bootstrap.css [36m304 [0m1.716 ms - -[0m
[0mGET /stylesheets/style.css [36m304 [0m0.917 ms - -[0m
[0mGET /javascripts/jquery-1.js [36m304 [0m0.667 ms - -[0m
[0mGET /javascripts/lrscroll.js [36m304 [0m0.646 ms - -[0m
[0mGET /javascripts/script.js [36m304 [0m1.144 ms - -[0m
[0mGET /images/icon/logo.png [36m304 [0m0.940 ms - -[0m
[0mGET /images/icon/iconfont-friends.png [36m304 [0m1.221 ms - -[0m
[0mGET /images/icon/iconfont-answer.png [36m304 [0m1.072 ms - -[0m
[0mGET /images/icon/iconfont-file2.png [36m304 [0m1.273 ms - -[0m
[0mGET /images/icon/iconfont-home.png [36m304 [0m1.066 ms - -[0m
[0mGET /images/icon/iconfont-app.png [36m304 [0m0.700 ms - -[0m
[0mGET /images/icon/productTop.png [36m304 [0m0.698 ms - -[0m
[0mGET /images/icon/fk038.png [36m304 [0m1.270 ms - -[0m
[0mGET /images/icon/fk040.png [32m200 [0m1.643 ms - 4696[0m
[0mGET /images/icon/fk046.png [36m304 [0m0.962 ms - -[0m
[0mGET /images/icon/fk043.png [36m304 [0m0.879 ms - -[0m
[0mGET /images/icon/fk045.png [36m304 [0m0.632 ms - -[0m
[0mGET /images/icon/fk044.png [36m304 [0m0.798 ms - -[0m
[0mGET /images/icon/fk042.png [36m304 [0m1.057 ms - -[0m
[0mGET /product5 [32m200 [0m70.105 ms - 12563[0m
[0mGET /stylesheets/globe.css [36m304 [0m5.380 ms - -[0m
[0mGET /stylesheets/bootstrap.css [32m200 [0m2.011 ms - 3468[0m
[0mGET /stylesheets/style.css [32m200 [0m1.886 ms - 5889[0m
[0mGET /javascripts/jquery-1.js [36m304 [0m1.917 ms - -[0m
[0mGET /javascripts/lrscroll.js [32m200 [0m1.549 ms - 5685[0m
[0mGET /javascripts/script.js [32m200 [0m1.202 ms - 1028[0m
[0mGET /images/icon/logo.png [32m200 [0m1.706 ms - 13902[0m
[0mGET /images/icon/iconfont-answer.png [36m304 [0m1.158 ms - -[0m
[0mGET /images/icon/iconfont-friends.png [36m304 [0m1.116 ms - -[0m
[0mGET /images/icon/iconfont-file2.png [36m304 [0m1.261 ms - -[0m
[0mGET /images/icon/iconfont-app.png [36m304 [0m0.785 ms - -[0m
[0mGET /images/icon/iconfont-home.png [36m304 [0m1.270 ms - -[0m
[0mGET /images/icon/productTop.png [32m200 [0m1.579 ms - 4842[0m
[0mGET /images/icon/fk038.png [36m304 [0m1.239 ms - -[0m
[0mGET /images/icon/bg01.gif [32m200 [0m2.225 ms - 12389[0m
[0mGET /images/icon/fk040.png [32m200 [0m1.805 ms - 4696[0m
[0mGET /images/icon/fk042.png [36m304 [0m0.990 ms - -[0m
[0mGET /images/icon/fk043.png [32m200 [0m1.770 ms - 2148[0m
[0mGET /images/icon/fk044.png [36m304 [0m1.189 ms - -[0m
[0mGET /images/icon/fk045.png [36m304 [0m1.029 ms - -[0m
[0mGET /images/icon/fk046.png [36m304 [0m1.150 ms - -[0m
[0mGET /favicon.ico [33m404 [0m13.088 ms - 1431[0m
[0mGET /product4 [32m200 [0m79.476 ms - 12563[0m
[0mGET /stylesheets/globe.css [36m304 [0m0.961 ms - -[0m
[0mGET /stylesheets/style.css [36m304 [0m1.433 ms - -[0m
[0mGET /javascripts/jquery-1.js [36m304 [0m1.137 ms - -[0m
[0mGET /stylesheets/bootstrap.css [36m304 [0m1.110 ms - -[0m
[0mGET /javascripts/lrscroll.js [36m304 [0m0.878 ms - -[0m
[0mGET /images/icon/logo.png [36m304 [0m1.243 ms - -[0m
[0mGET /javascripts/script.js [36m304 [0m0.901 ms - -[0m
[0mGET /images/icon/iconfont-answer.png [36m304 [0m1.786 ms - -[0m
[0mGET /images/icon/iconfont-friends.png [36m304 [0m1.187 ms - -[0m
[0mGET /images/icon/iconfont-file2.png [36m304 [0m1.385 ms - -[0m
[0mGET /images/icon/iconfont-app.png [36m304 [0m1.345 ms - -[0m
[0mGET /images/icon/iconfont-home.png [36m304 [0m2.432 ms - -[0m
[0mGET /images/icon/productTop.png [36m304 [0m1.296 ms - -[0m
[0mGET /images/icon/fk038.png [36m304 [0m1.479 ms - -[0m
[0mGET /images/icon/fk040.png [36m304 [0m0.838 ms - -[0m
[0mGET /images/icon/fk043.png [36m304 [0m1.629 ms - -[0m
[0mGET /images/icon/fk042.png [36m304 [0m2.403 ms - -[0m
[0mGET /images/icon/fk044.png [36m304 [0m1.262 ms - -[0m
[0mGET /images/icon/fk045.png [36m304 [0m1.352 ms - -[0m
[0mGET /images/icon/fk046.png [36m304 [0m1.297 ms - -[0m
[0mGET /favicon.ico [33m404 [0m21.652 ms - 1431[0m
[0mGET /product3 [32m200 [0m115.396 ms - 12563[0m
[0mGET /stylesheets/bootstrap.css [36m304 [0m13.395 ms - -[0m
[0mGET /javascripts/jquery-1.js [36m304 [0m1.694 ms - -[0m
[0mGET /stylesheets/globe.css [36m304 [0m1.873 ms - -[0m
[0mGET /stylesheets/style.css [36m304 [0m2.110 ms - -[0m
[0mGET /javascripts/lrscroll.js [36m304 [0m1.040 ms - -[0m
[0mGET /javascripts/script.js [36m304 [0m0.739 ms - -[0m
[0mGET /images/icon/logo.png [36m304 [0m0.777 ms - -[0m
[0mGET /images/icon/iconfont-answer.png [36m304 [0m1.297 ms - -[0m
[0mGET /images/icon/iconfont-friends.png [36m304 [0m1.332 ms - -[0m
[0mGET /images/icon/iconfont-file2.png [36m304 [0m1.181 ms - -[0m
[0mGET /images/icon/iconfont-home.png [36m304 [0m3.201 ms - -[0m
[0mGET /images/icon/iconfont-app.png [36m304 [0m3.421 ms - -[0m
[0mGET /images/icon/productTop.png [36m304 [0m3.649 ms - -[0m
[0mGET /images/icon/fk038.png [36m304 [0m1.081 ms - -[0m
[0mGET /images/icon/fk040.png [36m304 [0m1.183 ms - -[0m
[0mGET /images/icon/fk042.png [36m304 [0m0.814 ms - -[0m
[0mGET /images/icon/fk043.png [36m304 [0m0.859 ms - -[0m
[0mGET /images/icon/fk044.png [36m304 [0m1.118 ms - -[0m
[0mGET /images/icon/fk045.png [36m304 [0m0.718 ms - -[0m
[0mGET /images/icon/fk046.png [36m304 [0m0.952 ms - -[0m
[0mGET /favicon.ico [33m404 [0m15.010 ms - 1431[0m
[0mGET /product2 [32m200 [0m139.103 ms - 12563[0m
[0mGET /stylesheets/globe.css [36m304 [0m1.269 ms - -[0m
[0mGET /stylesheets/style.css [36m304 [0m2.194 ms - -[0m
[0mGET /javascripts/lrscroll.js [36m304 [0m2.322 ms - -[0m
[0mGET /stylesheets/bootstrap.css [36m304 [0m2.521 ms - -[0m
[0mGET /javascripts/jquery-1.js [36m304 [0m1.349 ms - -[0m
[0mGET /javascripts/script.js [36m304 [0m1.337 ms - -[0m
[0mGET /images/icon/logo.png [36m304 [0m0.976 ms - -[0m
[0mGET /images/icon/iconfont-answer.png [36m304 [0m1.284 ms - -[0m
[0mGET /images/icon/iconfont-friends.png [36m304 [0m1.131 ms - -[0m
[0mGET /images/icon/iconfont-file2.png [36m304 [0m0.879 ms - -[0m
[0mGET /images/icon/iconfont-app.png [36m304 [0m1.273 ms - -[0m
[0mGET /images/icon/iconfont-home.png [36m304 [0m1.102 ms - -[0m
[0mGET /images/icon/productTop.png [36m304 [0m0.927 ms - -[0m
[0mGET /images/icon/fk038.png [36m304 [0m0.873 ms - -[0m
[0mGET /images/icon/fk040.png [36m304 [0m0.853 ms - -[0m
[0mGET /images/icon/fk042.png [36m304 [0m1.630 ms - -[0m
[0mGET /images/icon/fk043.png [36m304 [0m0.824 ms - -[0m
[0mGET /images/icon/fk044.png [36m304 [0m1.113 ms - -[0m
[0mGET /images/icon/fk046.png [36m304 [0m1.161 ms - -[0m
[0mGET /images/icon/fk045.png [36m304 [0m1.212 ms - -[0m
[0mGET /favicon.ico [33m404 [0m37.168 ms - 1431[0m
[0mGET /product1 [32m200 [0m74.806 ms - 12550[0m
[0mGET /stylesheets/bootstrap.css [36m304 [0m1.557 ms - -[0m
[0mGET /javascripts/jquery-1.js [36m304 [0m1.255 ms - -[0m
[0mGET /stylesheets/style.css [36m304 [0m1.575 ms - -[0m
[0mGET /stylesheets/globe.css [36m304 [0m1.781 ms - -[0m
[0mGET /javascripts/lrscroll.js [36m304 [0m1.030 ms - -[0m
[0mGET /javascripts/script.js [36m304 [0m0.693 ms - -[0m
[0mGET /images/icon/logo.png [36m304 [0m1.021 ms - -[0m
[0mGET /images/icon/iconfont-answer.png [36m304 [0m1.351 ms - -[0m
[0mGET /images/icon/iconfont-friends.png [36m304 [0m0.989 ms - -[0m
[0mGET /images/icon/iconfont-file2.png [36m304 [0m1.003 ms - -[0m
[0mGET /images/icon/iconfont-app.png [36m304 [0m0.992 ms - -[0m
[0mGET /images/icon/iconfont-home.png [36m304 [0m0.852 ms - -[0m
[0mGET /images/icon/productTop.png [36m304 [0m1.415 ms - -[0m
[0mGET /images/icon/fk038.png [36m304 [0m0.632 ms - -[0m
[0mGET /images/icon/fk040.png [36m304 [0m0.686 ms - -[0m
[0mGET /images/icon/fk042.png [36m304 [0m0.568 ms - -[0m
[0mGET /images/icon/fk043.png [36m304 [0m1.073 ms - -[0m
[0mGET /images/icon/fk044.png [36m304 [0m1.395 ms - -[0m
[0mGET /images/icon/fk045.png [36m304 [0m2.085 ms - -[0m
[0mGET /images/icon/fk046.png [36m304 [0m0.885 ms - -[0m
[0mGET /favicon.ico [33m404 [0m15.303 ms - 1431[0m
[0mGET /product1 [32m200 [0m76.206 ms - 12550[0m
[0mGET /stylesheets/globe.css [36m304 [0m38.003 ms - -[0m
[0mGET /stylesheets/style.css [36m304 [0m16.733 ms - -[0m
[0mGET /stylesheets/bootstrap.css [36m304 [0m24.824 ms - -[0m
[0mGET /javascripts/script.js [36m304 [0m2.683 ms - -[0m
[0mGET /images/icon/logo.png [36m304 [0m2.840 ms - -[0m
[0mGET /javascripts/jquery-1.js [36m304 [0m3.167 ms - -[0m
[0mGET /javascripts/lrscroll.js [36m304 [0m3.188 ms - -[0m
[0mGET /images/icon/iconfont-answer.png [36m304 [0m1.216 ms - -[0m
[0mGET /images/icon/iconfont-friends.png [36m304 [0m0.899 ms - -[0m
[0mGET /images/icon/iconfont-file2.png [36m304 [0m1.073 ms - -[0m
[0mGET /images/icon/iconfont-app.png [36m304 [0m1.426 ms - -[0m
[0mGET /images/icon/iconfont-home.png [36m304 [0m1.096 ms - -[0m
[0mGET /images/icon/productTop.png [36m304 [0m1.143 ms - -[0m
[0mGET /images/icon/fk038.png [36m304 [0m1.566 ms - -[0m
[0mGET /images/icon/fk040.png [36m304 [0m0.693 ms - -[0m
[0mGET /images/icon/fk042.png [36m304 [0m0.688 ms - -[0m
[0mGET /images/icon/fk043.png [36m304 [0m1.110 ms - -[0m
[0mGET /images/icon/fk044.png [36m304 [0m1.301 ms - -[0m
[0mGET /images/icon/fk045.png [36m304 [0m0.883 ms - -[0m
[0mGET /images/icon/fk046.png [36m304 [0m1.178 ms - -[0m
[0mGET /favicon.ico [33m404 [0m13.558 ms - 1431[0m
[0mGET / [32m200 [0m113.300 ms - 9357[0m
[0mGET /stylesheets/globe.css [36m304 [0m1.379 ms - -[0m
[0mGET /stylesheets/style.css [36m304 [0m1.010 ms - -[0m
[0mGET /stylesheets/bootstrap.css [36m304 [0m0.805 ms - -[0m
[0mGET /javascripts/jquery-1.js [36m304 [0m1.856 ms - -[0m
[0mGET /javascripts/lrscroll.js [36m304 [0m2.040 ms - -[0m
[0mGET /javascripts/script.js [36m304 [0m5.596 ms - -[0m
[0mGET /images/icon/logo.png [36m304 [0m5.896 ms - -[0m
[0mGET /images/icon/iconfont-friends.png [36m304 [0m1.063 ms - -[0m
[0mGET /images/icon/iconfont-answer.png [36m304 [0m1.024 ms - -[0m
[0mGET /images/icon/iconfont-file2.png [36m304 [0m0.726 ms - -[0m
[0mGET /images/icon/iconfont-home.png [36m304 [0m1.992 ms - -[0m
[0mGET /images/icon/fk042.png [36m304 [0m1.739 ms - -[0m
[0mGET /images/icon/iconfont-app.png [36m304 [0m1.926 ms - -[0m
[0mGET /images/icon/fk040.png [36m304 [0m2.131 ms - -[0m
[0mGET /images/icon/productTop.png [36m304 [0m1.237 ms - -[0m
[0mGET /images/icon/fk038.png [36m304 [0m1.397 ms - -[0m
[0mGET /images/icon/fk043.png [36m304 [0m0.672 ms - -[0m
[0mGET /images/icon/fk044.png [36m304 [0m1.469 ms - -[0m
[0mGET /images/icon/fk046.png [36m304 [0m3.036 ms - -[0m
[0mGET /images/Sprites.png [36m304 [0m2.824 ms - -[0m
[0mGET /images/icon/fk045.png [36m304 [0m3.069 ms - -[0m
[0mGET /favicon.ico [33m404 [0m22.491 ms - 1431[0m
mongoDB:host=localhost、PORT：27017
server:PORT=3888
mongoDB:host=localhost、PORT：27017
server:PORT=3888
mongoDB:host=localhost、PORT：27017
server:PORT=3888
mongoDB:host=localhost、PORT：27017
server:PORT=3888
[0mGET / [32m200 [0m1211.741 ms - 9357[0m
[0mGET /stylesheets/globe.css [32m200 [0m30.046 ms - 1024[0m
[0mGET /stylesheets/bootstrap.css [32m200 [0m28.032 ms - 3468[0m
[0mGET /stylesheets/style.css [32m200 [0m28.459 ms - 5889[0m
[0mGET /javascripts/lrscroll.js [32m200 [0m18.174 ms - 5685[0m
[0mGET /javascripts/script.js [32m200 [0m17.756 ms - 1028[0m
[0mGET /images/icon/logo.png [32m200 [0m2.932 ms - 13902[0m
[0mGET /javascripts/jquery-1.js [32m200 [0m557.017 ms - 95786[0m
[0mGET /images/icon/iconfont-answer.png [32m200 [0m1.797 ms - 899[0m
[0mGET /images/icon/iconfont-friends.png [32m200 [0m2.596 ms - 858[0m
[0mGET /images/icon/iconfont-app.png [32m200 [0m2.257 ms - 656[0m
[0mGET /images/icon/iconfont-home.png [32m200 [0m5.182 ms - 591[0m
[0mGET /images/icon/fk042.png [32m200 [0m4.702 ms - 1770[0m
[0mGET /images/icon/iconfont-file2.png [32m200 [0m2.815 ms - 380[0m
[0mGET /images/icon/bg10.jpg [32m200 [0m3.108 ms - 14791[0m
[0mGET /images/icon/bg01.gif [32m200 [0m9.662 ms - 12389[0m
[0mGET /images/icon/fk040.png [32m200 [0m6.205 ms - 4696[0m
[0mGET /images/icon/productTop.png [32m200 [0m2.914 ms - 4842[0m
[0mGET /images/icon/fk038.png [32m200 [0m2.102 ms - 4658[0m
[0mGET /images/icon/fk043.png [32m200 [0m2.046 ms - 2148[0m
[0mGET /images/icon/fk044.png [32m200 [0m1.917 ms - 1986[0m
[0mGET /images/icon/fk045.png [32m200 [0m2.526 ms - 2028[0m
[0mGET /images/icon/fk046.png [32m200 [0m3.839 ms - 2333[0m
[0mGET /images/Sprites.png [32m200 [0m256.850 ms - 19932[0m
[0mGET / [32m200 [0m322.394 ms - 9357[0m
[0mGET /stylesheets/bootstrap.css [32m200 [0m9.416 ms - 3468[0m
[0mGET /stylesheets/style.css [32m200 [0m9.968 ms - 5889[0m
[0mGET /javascripts/lrscroll.js [32m200 [0m4.496 ms - 5685[0m
[0mGET /stylesheets/globe.css [32m200 [0m3.303 ms - 1024[0m
[0mGET /javascripts/script.js [32m200 [0m1.560 ms - 1028[0m
[0mGET /javascripts/jquery-1.js [32m200 [0m900.448 ms - 95786[0m
[0mGET /images/icon/logo.png [32m200 [0m2.233 ms - 13902[0m
[0mGET /images/icon/iconfont-answer.png [32m200 [0m5.583 ms - 899[0m
[0mGET /images/icon/iconfont-file2.png [32m200 [0m5.207 ms - 380[0m
[0mGET /images/icon/iconfont-app.png [32m200 [0m6.280 ms - 656[0m
[0mGET /images/icon/iconfont-home.png [32m200 [0m1.676 ms - 591[0m
[0mGET /images/icon/iconfont-friends.png [32m200 [0m1.336 ms - 858[0m
[0mGET /images/icon/bg10.jpg [32m200 [0m3.355 ms - 14791[0m
[0mGET /images/icon/bg01.gif [32m200 [0m4.507 ms - 12389[0m
[0mGET /images/icon/fk042.png [32m200 [0m2.907 ms - 1770[0m
[0mGET /images/icon/fk040.png [32m200 [0m2.907 ms - 4696[0m
[0mGET /images/icon/productTop.png [32m200 [0m2.585 ms - 4842[0m
[0mGET /images/icon/fk038.png [32m200 [0m2.925 ms - 4658[0m
[0mGET /images/icon/fk043.png [32m200 [0m2.609 ms - 2148[0m
[0mGET /images/icon/fk044.png [32m200 [0m3.322 ms - 1986[0m
[0mGET /images/icon/fk045.png [32m200 [0m1.643 ms - 2028[0m
[0mGET /images/icon/fk046.png [32m200 [0m2.565 ms - 2333[0m
[0mGET /images/Sprites.png [32m200 [0m281.161 ms - 19932[0m
[0mGET / [36m304 [0m154.540 ms - -[0m
[0mGET /stylesheets/bootstrap.css [36m304 [0m4.261 ms - -[0m
[0mGET /stylesheets/style.css [36m304 [0m2.499 ms - -[0m
[0mGET /javascripts/jquery-1.js [36m304 [0m4.655 ms - -[0m
[0mGET /javascripts/lrscroll.js [36m304 [0m3.420 ms - -[0m
[0mGET /javascripts/script.js [36m304 [0m1.749 ms - -[0m
[0mGET /stylesheets/globe.css [36m304 [0m1.696 ms - -[0m
[0mGET /images/icon/logo.png [36m304 [0m1.335 ms - -[0m
[0mGET /images/icon/iconfont-answer.png [36m304 [0m1.155 ms - -[0m
[0mGET /images/icon/iconfont-friends.png [36m304 [0m2.296 ms - -[0m
[0mGET /images/icon/iconfont-file2.png [36m304 [0m3.370 ms - -[0m
[0mGET /images/icon/iconfont-app.png [36m304 [0m2.307 ms - -[0m
[0mGET /images/icon/iconfont-home.png [36m304 [0m2.233 ms - -[0m
[0mGET /images/icon/fk042.png [36m304 [0m2.283 ms - -[0m
[0mGET /images/icon/fk040.png [36m304 [0m1.058 ms - -[0m
[0mGET /images/icon/bg10.jpg [36m304 [0m1.277 ms - -[0m
[0mGET /images/icon/productTop.png [36m304 [0m2.866 ms - -[0m
[0mGET /images/icon/bg01.gif [36m304 [0m2.667 ms - -[0m
[0mGET /images/icon/fk038.png [36m304 [0m2.869 ms - -[0m
[0mGET /images/icon/fk043.png [36m304 [0m4.681 ms - -[0m
[0mGET /images/icon/fk044.png [36m304 [0m1.229 ms - -[0m
[0mGET /images/icon/fk045.png [36m304 [0m3.423 ms - -[0m
[0mGET /images/icon/fk046.png [36m304 [0m3.003 ms - -[0m
[0mGET /images/Sprites.png [36m304 [0m1.516 ms - -[0m
mongoDB:host=localhost、PORT：27017
